#
# There is insufficient memory for the Java Runtime Environment to continue.
# Native memory allocation (mmap) failed to map 1073741824 bytes for G1 virtual space
# Possible reasons:
#   The system is out of physical RAM or swap space
#   The process is running with CompressedOops enabled, and the Java Heap may be blocking the growth of the native heap
# Possible solutions:
#   Reduce memory load on the system
#   Increase physical memory or swap space
#   Check if swap backing store is full
#   Decrease Java heap size (-Xmx/-Xms)
#   Decrease number of Java threads
#   Decrease Java thread stack sizes (-Xss)
#   Set larger code cache with -XX:ReservedCodeCacheSize=
#   JVM is running with Unscaled Compressed Oops mode in which the Java heap is
#     placed in the first 4GB address space. The Java Heap base address is the
#     maximum limit for the native heap growth. Please use -XX:HeapBaseMinAddress
#     to set the Java Heap base and to place the Java Heap above 4GB virtual address.
# This output file may be truncated or incomplete.
#
#  Out of Memory Error (os_windows.cpp:3548), pid=9660, tid=9756
#
# JRE version:  (17.0.11+7) (build )
# Java VM: Java HotSpot(TM) 64-Bit Server VM (17.0.11+7-LTS-207, mixed mode, emulated-client, sharing, tiered, compressed oops, compressed class ptrs, g1 gc, windows-amd64)
# No core dump will be written. Minidumps are not enabled by default on client versions of Windows
#

---------------  S U M M A R Y ------------

Command Line: -XX:TieredStopAtLevel=1 -Xms1024m -Xmx2048m com.contact.ContactInSpringApplication

Host: AMD Ryzen 5 3500U with Radeon Vega Mobile Gfx  , 8 cores, 5G,  Windows 11 , 64 bit Build 22621 (10.0.22621.3958)
Time: Thu Oct 10 21:08:26 2024 India Standard Time elapsed time: 0.021332 seconds (0d 0h 0m 0s)

---------------  T H R E A D  ---------------

Current thread (0x0000024a5a2379e0):  JavaThread "Unknown thread" [_thread_in_vm, id=9756, stack(0x0000005b6b800000,0x0000005b6b900000)]

Stack: [0x0000005b6b800000,0x0000005b6b900000]
Native frames: (J=compiled Java code, j=interpreted, Vv=VM code, C=native code)
V  [jvm.dll+0x679cca]
V  [jvm.dll+0x7da13d]
V  [jvm.dll+0x7dba83]
V  [jvm.dll+0x7dc0f3]
V  [jvm.dll+0x2449af]
V  [jvm.dll+0x676ce9]
V  [jvm.dll+0x66b852]
V  [jvm.dll+0x3018d6]
V  [jvm.dll+0x308e76]
V  [jvm.dll+0x3596ee]
V  [jvm.dll+0x35991f]
V  [jvm.dll+0x2d89a8]
V  [jvm.dll+0x2d9914]
V  [jvm.dll+0x7ac6b1]
V  [jvm.dll+0x366f61]
V  [jvm.dll+0x78b609]
V  [jvm.dll+0x3ec22f]
V  [jvm.dll+0x3ede61]
C  [jli.dll+0x5297]
C  [ucrtbase.dll+0x29333]
C  [KERNEL32.DLL+0x1257d]
C  [ntdll.dll+0x5af08]


---------------  P R O C E S S  ---------------

Threads class SMR info:
_java_thread_list=0x00007ffb7cde7a18, length=0, elements={
}

Java Threads: ( => current thread )

Other Threads:
  0x0000024a5a29e090 GCTaskThread "GC Thread#0" [stack: 0x0000005b6b900000,0x0000005b6ba00000] [id=1688]
  0x0000024a5a2aefe0 ConcurrentGCThread "G1 Main Marker" [stack: 0x0000005b6ba00000,0x0000005b6bb00000] [id=10940]
  0x0000024a5a2af9f0 ConcurrentGCThread "G1 Conc#0" [stack: 0x0000005b6bb00000,0x0000005b6bc00000] [id=13052]

[error occurred during error reporting (printing all threads), id 0xc0000005, EXCEPTION_ACCESS_VIOLATION (0xc0000005) at pc=0x00007ffb7c619497]

VM state: not at safepoint (not fully initialized)

VM Mutex/Monitor currently owned by a thread:  ([mutex/lock_event])
[0x0000024a5a2320d0] Heap_lock - owner thread: 0x0000024a5a2379e0

Heap address: 0x0000000080000000, size: 2048 MB, Compressed Oops mode: 32-bit

CDS archive(s) mapped at: [0x0000000000000000-0x0000000000000000-0x0000000000000000), size 0, SharedBaseAddress: 0x0000000800000000, ArchiveRelocationMode: 1.
Narrow klass base: 0x0000000000000000, Narrow klass shift: 0, Narrow klass range: 0x0

GC Precious Log:
<Empty>

Heap:
 garbage-first heap   total 0K, used 0K [0x0000000080000000, 0x0000000100000000)
  region size 1024K, 0 young (0K), 0 survivors (0K)

[error occurred during error reporting (printing heap information), id 0xc0000005, EXCEPTION_ACCESS_VIOLATION (0xc0000005) at pc=0x00007ffb7ca03559]

GC Heap History (0 events):
No events

Deoptimization events (0 events):
No events

Classes unloaded (0 events):
No events

Classes redefined (0 events):
No events

Internal exceptions (0 events):
No events

VM Operations (0 events):
No events

Events (1 events):
Event: 0.013 Loaded shared library C:\Program Files\Java\jdk-17\bin\java.dll


Dynamic libraries:
0x00007ff7228b0000 - 0x00007ff7228c0000 	C:\Program Files\Java\jdk-17\bin\java.exe
0x00007ffbc6430000 - 0x00007ffbc6647000 	C:\WINDOWS\SYSTEM32\ntdll.dll
0x00007ffbc4ff0000 - 0x00007ffbc50b4000 	C:\WINDOWS\System32\KERNEL32.DLL
0x00007ffbc3740000 - 0x00007ffbc3af7000 	C:\WINDOWS\System32\KERNELBASE.dll
0x00007ffbc4040000 - 0x00007ffbc4151000 	C:\WINDOWS\System32\ucrtbase.dll
0x00007ffbb0b70000 - 0x00007ffbb0b89000 	C:\Program Files\Java\jdk-17\bin\jli.dll
0x00007ffba6d30000 - 0x00007ffba6d4b000 	C:\Program Files\Java\jdk-17\bin\VCRUNTIME140.dll
0x00007ffbc53c0000 - 0x00007ffbc5472000 	C:\WINDOWS\System32\ADVAPI32.dll
0x00007ffbc4220000 - 0x00007ffbc42c7000 	C:\WINDOWS\System32\msvcrt.dll
0x00007ffbc4170000 - 0x00007ffbc4218000 	C:\WINDOWS\System32\sechost.dll
0x00007ffbc3c20000 - 0x00007ffbc3c48000 	C:\WINDOWS\System32\bcrypt.dll
0x00007ffbc51a0000 - 0x00007ffbc52b4000 	C:\WINDOWS\System32\RPCRT4.dll
0x00007ffbc4300000 - 0x00007ffbc44af000 	C:\WINDOWS\System32\USER32.dll
0x00007ffbc3c50000 - 0x00007ffbc3c76000 	C:\WINDOWS\System32\win32u.dll
0x00007ffbc42d0000 - 0x00007ffbc42f9000 	C:\WINDOWS\System32\GDI32.dll
0x00007ffbc3f20000 - 0x00007ffbc4038000 	C:\WINDOWS\System32\gdi32full.dll
0x00007ffbc3b80000 - 0x00007ffbc3c1a000 	C:\WINDOWS\System32\msvcp_win.dll
0x00007ffbab920000 - 0x00007ffbabbb3000 	C:\WINDOWS\WinSxS\amd64_microsoft.windows.common-controls_6595b64144ccf1df_6.0.22621.3672_none_2713b9d173822955\COMCTL32.dll
0x00007ffbba470000 - 0x00007ffbba47a000 	C:\WINDOWS\SYSTEM32\VERSION.dll
0x00007ffbc5fa0000 - 0x00007ffbc5fd1000 	C:\WINDOWS\System32\IMM32.DLL
0x00007ffbbf240000 - 0x00007ffbbf24c000 	C:\Program Files\Java\jdk-17\bin\vcruntime140_1.dll
0x00007ffb96d30000 - 0x00007ffb96dbe000 	C:\Program Files\Java\jdk-17\bin\msvcp140.dll
0x00007ffb7c330000 - 0x00007ffb7cf10000 	C:\Program Files\Java\jdk-17\bin\server\jvm.dll
0x00007ffbc5fe0000 - 0x00007ffbc5fe8000 	C:\WINDOWS\System32\PSAPI.DLL
0x00007ffbbd9f0000 - 0x00007ffbbd9f9000 	C:\WINDOWS\SYSTEM32\WSOCK32.dll
0x00007ffbbe4a0000 - 0x00007ffbbe4d4000 	C:\WINDOWS\SYSTEM32\WINMM.dll
0x00007ffbc50c0000 - 0x00007ffbc5131000 	C:\WINDOWS\System32\WS2_32.dll
0x00007ffbc2760000 - 0x00007ffbc2778000 	C:\WINDOWS\SYSTEM32\kernel.appcore.dll
0x00007ffba9960000 - 0x00007ffba996a000 	C:\Program Files\Java\jdk-17\bin\jimage.dll
0x00007ffbbcc30000 - 0x00007ffbbce62000 	C:\WINDOWS\SYSTEM32\DBGHELP.DLL
0x00007ffbc44b0000 - 0x00007ffbc483e000 	C:\WINDOWS\System32\combase.dll
0x00007ffbc6210000 - 0x00007ffbc62e7000 	C:\WINDOWS\System32\OLEAUT32.dll
0x00007ffbb16b0000 - 0x00007ffbb16e2000 	C:\WINDOWS\SYSTEM32\dbgcore.DLL
0x00007ffbc3b00000 - 0x00007ffbc3b7b000 	C:\WINDOWS\System32\bcryptPrimitives.dll
0x00007ffba6d00000 - 0x00007ffba6d25000 	C:\Program Files\Java\jdk-17\bin\java.dll

dbghelp: loaded successfully - version: 4.0.5 - missing functions: none
symbol engine: initialized successfully - sym options: 0x614 - pdb path: .;C:\Program Files\Java\jdk-17\bin;C:\WINDOWS\SYSTEM32;C:\WINDOWS\WinSxS\amd64_microsoft.windows.common-controls_6595b64144ccf1df_6.0.22621.3672_none_2713b9d173822955;C:\Program Files\Java\jdk-17\bin\server

VM Arguments:
jvm_args: -XX:TieredStopAtLevel=1 -Xms1024m -Xmx2048m 
java_command: com.contact.ContactInSpringApplication
java_class_path (initial): C:\Onedrive\Desktop\New_Hosted Project\Contact_List\target\classes;C:\Users\aarav\.m2\repository\ch\qos\logback\logback-classic\1.5.6\logback-classic-1.5.6.jar;C:\Users\aarav\.m2\repository\ch\qos\logback\logback-core\1.5.6\logback-core-1.5.6.jar;C:\Users\aarav\.m2\repository\org\apache\logging\log4j\log4j-to-slf4j\2.23.1\log4j-to-slf4j-2.23.1.jar;C:\Users\aarav\.m2\repository\org\apache\logging\log4j\log4j-api\2.23.1\log4j-api-2.23.1.jar;C:\Users\aarav\.m2\repository\org\slf4j\jul-to-slf4j\2.0.13\jul-to-slf4j-2.0.13.jar;C:\Users\aarav\.m2\repository\org\yaml\snakeyaml\2.2\snakeyaml-2.2.jar;C:\Users\aarav\.m2\repository\org\thymeleaf\thymeleaf-spring6\3.1.2.RELEASE\thymeleaf-spring6-3.1.2.RELEASE.jar;C:\Users\aarav\.m2\repository\org\thymeleaf\thymeleaf\3.1.2.RELEASE\thymeleaf-3.1.2.RELEASE.jar;C:\Users\aarav\.m2\repository\org\attoparser\attoparser\2.0.7.RELEASE\attoparser-2.0.7.RELEASE.jar;C:\Users\aarav\.m2\repository\org\unbescape\unbescape\1.1.6.RELEASE\unbescape-1.1.6.RELEASE.jar;C:\Users\aarav\.m2\repository\org\slf4j\slf4j-api\2.0.13\slf4j-api-2.0.13.jar;C:\Users\aarav\.m2\repository\com\fasterxml\jackson\core\jackson-databind\2.17.1\jackson-databind-2.17.1.jar;C:\Users\aarav\.m2\repository\com\fasterxml\jackson\core\jackson-annotations\2.17.1\jackson-annotations-2.17.1.jar;C:\Users\aarav\.m2\repository\com\fasterxml\jackson\core\jackson-core\2.17.1\jackson-core-2.17.1.jar;C:\Users\aarav\.m2\repository\com\fasterxml\jackson\datatype\jackson-datatype-jdk8\2.17.1\jackson-datatype-jdk8-2.17.1.jar;C:\Users\aarav\.m2\repository\com\fasterxml\jackson\datatype\jackson-datatype-jsr310\2.17.1\jackson-datatype-jsr310-2.17.1.jar;C:\Users\aarav\.m2\repository\com\fasterxml\jackson\module\jackson-module-parameter-names\2.17.1\jackson-module-parameter-names-2.17.1.jar;C:\Users\aarav\.m2\repository\org\springframework\spring-web\6.1.8\spring-web-6.1.8.jar;C:\Users\aarav\.m2\repository\io\micrometer\micrometer-observation\1.13.0\micrometer-obser
Launcher Type: SUN_STANDARD

[Global flags]
     intx CICompilerCount                          = 4                                         {product} {ergonomic}
     uint ConcGCThreads                            = 2                                         {product} {ergonomic}
     uint G1ConcRefinementThreads                  = 8                                         {product} {ergonomic}
   size_t G1HeapRegionSize                         = 1048576                                   {product} {ergonomic}
    uintx GCDrainStackTargetSize                   = 64                                        {product} {ergonomic}
   size_t InitialHeapSize                          = 1073741824                                {product} {command line}
   size_t MarkStackSize                            = 4194304                                   {product} {ergonomic}
   size_t MaxHeapSize                              = 2147483648                                {product} {command line}
   size_t MinHeapDeltaBytes                        = 1048576                                   {product} {ergonomic}
   size_t MinHeapSize                              = 1073741824                                {product} {command line}
    uintx NonProfiledCodeHeapSize                  = 0                                      {pd product} {ergonomic}
     bool ProfileInterpreter                       = false                                  {pd product} {command line}
    uintx ProfiledCodeHeapSize                     = 0                                      {pd product} {ergonomic}
   size_t SoftMaxHeapSize                          = 2147483648                             {manageable} {ergonomic}
     intx TieredStopAtLevel                        = 1                                         {product} {command line}
     bool UseCompressedClassPointers               = true                           {product lp64_product} {ergonomic}
     bool UseCompressedOops                        = true                           {product lp64_product} {ergonomic}
     bool UseG1GC                                  = true                                      {product} {ergonomic}
     bool UseLargePagesIndividualAllocation        = false                                  {pd product} {ergonomic}

Logging:
Log output configuration:
 #0: stdout all=warning uptime,level,tags
 #1: stderr all=off uptime,level,tags

Environment Variables:
JAVA_HOME=C:\Program Files\Java\jdk-17
CLASSPATH=C:\Program Files\Java\ojdbc8.jar
PATH=C:\Program Files\Eclipse Adoptium\jdk-17.0.11.9-hotspot\bin;C:\Program Files\Eclipse Adoptium\jdk-21.0.2.13-hotspot\bin;C:\Program Files\Common Files\Oracle\Java\javapath;C:\WINDOWS\system32;C:\WINDOWS;C:\WINDOWS\System32\Wbem;C:\WINDOWS\System32\WindowsPowerShell\v1.0\;C:\WINDOWS\System32\OpenSSH\;C:\Program Files\Azure Data Studio\bin;C:\MinGW\bin;C:\Program Files\dotnet\;C:\Users\aarav\AppData\Local\Microsoft\WindowsApps;C:\Program Files\JetBrains\IntelliJ IDEA Community Edition 2022.3\bin;C:\Users\aarav\AppData\Local\Programs\Microsoft VS Code_1\Microsoft VS Code\bin;C:\Program Files\JetBrains\CLion 2022.3.2\bin;C:\Users\aarav\AppData\Roaming\npm;C:\Users\aarav\.dotnet\tools;C:\Program Files\MySQL\MySQL Server 8.1\bin;C:\Program Files\Java\apache-maven-3.9.6\bin;C:\Program Files\Java\jdk-17\bin;C:\Program Files\PuTTY\;C:\Program Files\nodejs\;C:\Users\aarav\AppData\Local\Programs\Python\Launcher\;C:\Users\aarav\anaconda3;C:\Users\aarav\anaconda3\Library\mingw-w64\bin;C:\Users\aarav\anaconda3\Library\usr\bin;C:\Users\aarav\anaconda3\Library\bin;C:\Users\aarav\anaconda3\Scripts;C:\Users\aarav\AppData\Local\Microsoft\WindowsApps;C:\Program Files\JetBrains\IntelliJ IDEA Community Edition 2022.3\bin;;C:\Program Files\Azure Data Studio\bin;C:\MinGW\bin;C:\Users\aarav\AppData\Local\Programs\Microsoft VS Code_1\Microsoft VS Code\bin;C:\Program Files\JetBrains\CLion 2022.3.2\bin;;C:\Users\aarav\.dotnet\tools;C:\Program Files\MySQL\MySQL Server 8.1\bin;C:\Users\aarav\AppData\Roaming\npm
USERNAME=aarav
OS=Windows_NT
PROCESSOR_IDENTIFIER=AMD64 Family 23 Model 24 Stepping 1, AuthenticAMD



---------------  S Y S T E M  ---------------

OS:
 Windows 11 , 64 bit Build 22621 (10.0.22621.3958)
OS uptime: 0 days 12:40 hours
Hyper-V role detected

CPU: total 8 (initial active 8) (8 cores per cpu, 2 threads per core) family 23 model 24 stepping 1 microcode 0x0, cx8, cmov, fxsr, ht, mmx, 3dnowpref, sse, sse2, sse3, ssse3, sse4a, sse4.1, sse4.2, popcnt, lzcnt, tsc, tscinvbit, avx, avx2, aes, clmul, bmi1, bmi2, adx, sha, fma, vzeroupper, clflush, clflushopt, hv

Memory: 4k page, system-wide physical 6081M (1079M free)
TotalPageFile size 24513M (AvailPageFile size 444M)
current process WorkingSet (physical memory assigned to process): 11M, peak: 11M
current process commit charge ("private bytes"): 55M, peak: 1079M

vm_info: Java HotSpot(TM) 64-Bit Server VM (17.0.11+7-LTS-207) for windows-amd64 JRE (17.0.11+7-LTS-207), built on Mar 11 2024 19:01:50 by "mach5one" with MS VC++ 17.6 (VS2022)

END.
