#
# There is insufficient memory for the Java Runtime Environment to continue.
# Native memory allocation (mmap) failed to map 100663296 bytes for G1 virtual space
# Possible reasons:
#   The system is out of physical RAM or swap space
#   The process is running with CompressedOops enabled, and the Java Heap may be blocking the growth of the native heap
# Possible solutions:
#   Reduce memory load on the system
#   Increase physical memory or swap space
#   Check if swap backing store is full
#   Decrease Java heap size (-Xmx/-Xms)
#   Decrease number of Java threads
#   Decrease Java thread stack sizes (-Xss)
#   Set larger code cache with -XX:ReservedCodeCacheSize=
#   JVM is running with Unscaled Compressed Oops mode in which the Java heap is
#     placed in the first 4GB address space. The Java Heap base address is the
#     maximum limit for the native heap growth. Please use -XX:HeapBaseMinAddress
#     to set the Java Heap base and to place the Java Heap above 4GB virtual address.
# This output file may be truncated or incomplete.
#
#  Out of Memory Error (os_windows.cpp:3548), pid=11560, tid=12424
#
# JRE version:  (17.0.11+7) (build )
# Java VM: Java HotSpot(TM) 64-Bit Server VM (17.0.11+7-LTS-207, mixed mode, sharing, tiered, compressed oops, compressed class ptrs, g1 gc, windows-amd64)
# No core dump will be written. Minidumps are not enabled by default on client versions of Windows
#

---------------  S U M M A R Y ------------

Command Line: -Dnet.bytebuddy.agent.attacher.dump= net.bytebuddy.agent.Attacher com.sun.tools.attach.VirtualMachine 14604 C:\Users\aarav\.m2\repository\net\bytebuddy\byte-buddy-agent\1.14.16\byte-buddy-agent-1.14.16.jar false 

Host: AMD Ryzen 5 3500U with Radeon Vega Mobile Gfx  , 8 cores, 5G,  Windows 11 , 64 bit Build 22621 (10.0.22621.3958)
Time: Fri Oct 18 01:10:44 2024 India Standard Time elapsed time: 0.019657 seconds (0d 0h 0m 0s)

---------------  T H R E A D  ---------------

Current thread (0x000001e6237d4b80):  JavaThread "Unknown thread" [_thread_in_vm, id=12424, stack(0x00000020f2a00000,0x00000020f2b00000)]

Stack: [0x00000020f2a00000,0x00000020f2b00000]
Native frames: (J=compiled Java code, j=interpreted, Vv=VM code, C=native code)
V  [jvm.dll+0x679cca]
V  [jvm.dll+0x7da13d]
V  [jvm.dll+0x7dba83]
V  [jvm.dll+0x7dc0f3]
V  [jvm.dll+0x2449af]
V  [jvm.dll+0x676ce9]
V  [jvm.dll+0x66b852]
V  [jvm.dll+0x3018d6]
V  [jvm.dll+0x308e76]
V  [jvm.dll+0x3596ee]
V  [jvm.dll+0x35991f]
V  [jvm.dll+0x2d89a8]
V  [jvm.dll+0x2d9914]
V  [jvm.dll+0x7ac6b1]
V  [jvm.dll+0x366f61]
V  [jvm.dll+0x78b609]
V  [jvm.dll+0x3ec22f]
V  [jvm.dll+0x3ede61]
C  [jli.dll+0x5297]
C  [ucrtbase.dll+0x29333]
C  [KERNEL32.DLL+0x1257d]
C  [ntdll.dll+0x5af08]


---------------  P R O C E S S  ---------------

Threads class SMR info:
_java_thread_list=0x00007ffdc3147a18, length=0, elements={
}

Java Threads: ( => current thread )

Other Threads:
  0x000001e6238207e0 GCTaskThread "GC Thread#0" [stack: 0x00000020f2b00000,0x00000020f2c00000] [id=11456]
  0x000001e62382d570 ConcurrentGCThread "G1 Main Marker" [stack: 0x00000020f2c00000,0x00000020f2d00000] [id=15192]
  0x000001e62382ef90 ConcurrentGCThread "G1 Conc#0" [stack: 0x00000020f2d00000,0x00000020f2e00000] [id=12300]

[error occurred during error reporting (printing all threads), id 0xc0000005, EXCEPTION_ACCESS_VIOLATION (0xc0000005) at pc=0x00007ffdc2979497]

VM state: not at safepoint (not fully initialized)

VM Mutex/Monitor currently owned by a thread:  ([mutex/lock_event])
[0x000001e6237d1900] Heap_lock - owner thread: 0x000001e6237d4b80

Heap address: 0x00000000a0e00000, size: 1522 MB, Compressed Oops mode: 32-bit

CDS archive(s) mapped at: [0x0000000000000000-0x0000000000000000-0x0000000000000000), size 0, SharedBaseAddress: 0x0000000800000000, ArchiveRelocationMode: 1.
Narrow klass base: 0x0000000000000000, Narrow klass shift: 0, Narrow klass range: 0x0

GC Precious Log:
<Empty>

Heap:
 garbage-first heap   total 0K, used 0K [0x00000000a0e00000, 0x0000000100000000)
  region size 1024K, 0 young (0K), 0 survivors (0K)

[error occurred during error reporting (printing heap information), id 0xc0000005, EXCEPTION_ACCESS_VIOLATION (0xc0000005) at pc=0x00007ffdc2d63559]

GC Heap History (0 events):
No events

Deoptimization events (0 events):
No events

Classes unloaded (0 events):
No events

Classes redefined (0 events):
No events

Internal exceptions (0 events):
No events

VM Operations (0 events):
No events

Events (1 events):
Event: 0.013 Loaded shared library C:\Program Files\Java\jdk-17\bin\java.dll


Dynamic libraries:
0x00007ff653e90000 - 0x00007ff653ea0000 	C:\Program Files\Java\jdk-17\bin\java.exe
0x00007ffe31bb0000 - 0x00007ffe31dc7000 	C:\WINDOWS\SYSTEM32\ntdll.dll
0x00007ffe314b0000 - 0x00007ffe31574000 	C:\WINDOWS\System32\KERNEL32.DLL
0x00007ffe2f390000 - 0x00007ffe2f747000 	C:\WINDOWS\System32\KERNELBASE.dll
0x00007ffe2f180000 - 0x00007ffe2f291000 	C:\WINDOWS\System32\ucrtbase.dll
0x00007ffe2a730000 - 0x00007ffe2a74b000 	C:\Program Files\Java\jdk-17\bin\VCRUNTIME140.dll
0x00007ffe2a710000 - 0x00007ffe2a729000 	C:\Program Files\Java\jdk-17\bin\jli.dll
0x00007ffe316e0000 - 0x00007ffe31792000 	C:\WINDOWS\System32\ADVAPI32.dll
0x00007ffe30ab0000 - 0x00007ffe30b57000 	C:\WINDOWS\System32\msvcrt.dll
0x00007ffe2fae0000 - 0x00007ffe2fb88000 	C:\WINDOWS\System32\sechost.dll
0x00007ffe2f2a0000 - 0x00007ffe2f2c8000 	C:\WINDOWS\System32\bcrypt.dll
0x00007ffe318a0000 - 0x00007ffe319b4000 	C:\WINDOWS\System32\RPCRT4.dll
0x00007ffe2f8e0000 - 0x00007ffe2fa8f000 	C:\WINDOWS\System32\USER32.dll
0x00007ffe169b0000 - 0x00007ffe16c43000 	C:\WINDOWS\WinSxS\amd64_microsoft.windows.common-controls_6595b64144ccf1df_6.0.22621.3672_none_2713b9d173822955\COMCTL32.dll
0x00007ffe2f150000 - 0x00007ffe2f176000 	C:\WINDOWS\System32\win32u.dll
0x00007ffe2fab0000 - 0x00007ffe2fad9000 	C:\WINDOWS\System32\GDI32.dll
0x00007ffe2f7c0000 - 0x00007ffe2f8d8000 	C:\WINDOWS\System32\gdi32full.dll
0x00007ffe25ca0000 - 0x00007ffe25caa000 	C:\WINDOWS\SYSTEM32\VERSION.dll
0x00007ffe2f0b0000 - 0x00007ffe2f14a000 	C:\WINDOWS\System32\msvcp_win.dll
0x00007ffe2fbc0000 - 0x00007ffe2fbf1000 	C:\WINDOWS\System32\IMM32.DLL
0x00007ffe2a700000 - 0x00007ffe2a70c000 	C:\Program Files\Java\jdk-17\bin\vcruntime140_1.dll
0x00007ffdeabb0000 - 0x00007ffdeac3e000 	C:\Program Files\Java\jdk-17\bin\msvcp140.dll
0x00007ffdc2690000 - 0x00007ffdc3270000 	C:\Program Files\Java\jdk-17\bin\server\jvm.dll
0x00007ffe31890000 - 0x00007ffe31898000 	C:\WINDOWS\System32\PSAPI.DLL
0x00007ffe289d0000 - 0x00007ffe289d9000 	C:\WINDOWS\SYSTEM32\WSOCK32.dll
0x00007ffe29940000 - 0x00007ffe29974000 	C:\WINDOWS\SYSTEM32\WINMM.dll
0x00007ffe31430000 - 0x00007ffe314a1000 	C:\WINDOWS\System32\WS2_32.dll
0x00007ffe2dee0000 - 0x00007ffe2def8000 	C:\WINDOWS\SYSTEM32\kernel.appcore.dll
0x00007ffe2a6f0000 - 0x00007ffe2a6fa000 	C:\Program Files\Java\jdk-17\bin\jimage.dll
0x00007ffe28470000 - 0x00007ffe286a2000 	C:\WINDOWS\SYSTEM32\DBGHELP.DLL
0x00007ffe2fe40000 - 0x00007ffe301ce000 	C:\WINDOWS\System32\combase.dll
0x00007ffe317b0000 - 0x00007ffe31887000 	C:\WINDOWS\System32\OLEAUT32.dll
0x00007ffe1bd40000 - 0x00007ffe1bd72000 	C:\WINDOWS\SYSTEM32\dbgcore.DLL
0x00007ffe2f030000 - 0x00007ffe2f0ab000 	C:\WINDOWS\System32\bcryptPrimitives.dll
0x00007ffe2a6c0000 - 0x00007ffe2a6e5000 	C:\Program Files\Java\jdk-17\bin\java.dll

dbghelp: loaded successfully - version: 4.0.5 - missing functions: none
symbol engine: initialized successfully - sym options: 0x614 - pdb path: .;C:\Program Files\Java\jdk-17\bin;C:\WINDOWS\SYSTEM32;C:\WINDOWS\WinSxS\amd64_microsoft.windows.common-controls_6595b64144ccf1df_6.0.22621.3672_none_2713b9d173822955;C:\Program Files\Java\jdk-17\bin\server

VM Arguments:
jvm_args: -Dnet.bytebuddy.agent.attacher.dump= 
java_command: net.bytebuddy.agent.Attacher com.sun.tools.attach.VirtualMachine 14604 C:\Users\aarav\.m2\repository\net\bytebuddy\byte-buddy-agent\1.14.16\byte-buddy-agent-1.14.16.jar false 
java_class_path (initial): C:\Users\aarav\.m2\repository\net\bytebuddy\byte-buddy-agent\1.14.16\byte-buddy-agent-1.14.16.jar
Launcher Type: SUN_STANDARD

[Global flags]
     intx CICompilerCount                          = 4                                         {product} {ergonomic}
     uint ConcGCThreads                            = 2                                         {product} {ergonomic}
     uint G1ConcRefinementThreads                  = 8                                         {product} {ergonomic}
   size_t G1HeapRegionSize                         = 1048576                                   {product} {ergonomic}
    uintx GCDrainStackTargetSize                   = 64                                        {product} {ergonomic}
   size_t InitialHeapSize                          = 100663296                                 {product} {ergonomic}
   size_t MarkStackSize                            = 4194304                                   {product} {ergonomic}
   size_t MaxHeapSize                              = 1595932672                                {product} {ergonomic}
   size_t MinHeapDeltaBytes                        = 1048576                                   {product} {ergonomic}
   size_t MinHeapSize                              = 8388608                                   {product} {ergonomic}
    uintx NonNMethodCodeHeapSize                   = 5839372                                {pd product} {ergonomic}
    uintx NonProfiledCodeHeapSize                  = 122909434                              {pd product} {ergonomic}
    uintx ProfiledCodeHeapSize                     = 122909434                              {pd product} {ergonomic}
    uintx ReservedCodeCacheSize                    = 251658240                              {pd product} {ergonomic}
     bool SegmentedCodeCache                       = true                                      {product} {ergonomic}
   size_t SoftMaxHeapSize                          = 1595932672                             {manageable} {ergonomic}
     bool UseCompressedClassPointers               = true                           {product lp64_product} {ergonomic}
     bool UseCompressedOops                        = true                           {product lp64_product} {ergonomic}
     bool UseG1GC                                  = true                                      {product} {ergonomic}
     bool UseLargePagesIndividualAllocation        = false                                  {pd product} {ergonomic}

Logging:
Log output configuration:
 #0: stdout all=warning uptime,level,tags
 #1: stderr all=off uptime,level,tags

Environment Variables:
JAVA_HOME=C:\Program Files\Java\jdk-17
CLASSPATH=C:\Program Files\Java\ojdbc8.jar
PATH=C:\Program Files\Eclipse Adoptium\jdk-17.0.11.9-hotspot\bin;C:\Program Files\Eclipse Adoptium\jdk-21.0.2.13-hotspot\bin;C:\Program Files\Common Files\Oracle\Java\javapath;C:\WINDOWS\system32;C:\WINDOWS;C:\WINDOWS\System32\Wbem;C:\WINDOWS\System32\WindowsPowerShell\v1.0\;C:\WINDOWS\System32\OpenSSH\;C:\Program Files\Azure Data Studio\bin;C:\MinGW\bin;C:\Program Files\dotnet\;C:\Users\aarav\AppData\Local\Microsoft\WindowsApps;C:\Program Files\JetBrains\IntelliJ IDEA Community Edition 2022.3\bin;C:\Users\aarav\AppData\Local\Programs\Microsoft VS Code_1\Microsoft VS Code\bin;C:\Program Files\JetBrains\CLion 2022.3.2\bin;C:\Users\aarav\AppData\Roaming\npm;C:\Users\aarav\.dotnet\tools;C:\Program Files\MySQL\MySQL Server 8.1\bin;C:\Program Files\Java\apache-maven-3.9.6\bin;C:\Program Files\Java\jdk-17\bin;C:\Program Files\PuTTY\;C:\Program Files\nodejs\;C:\Users\aarav\AppData\Local\Programs\Python\Launcher\;C:\Users\aarav\anaconda3;C:\Users\aarav\anaconda3\Library\mingw-w64\bin;C:\Users\aarav\anaconda3\Library\usr\bin;C:\Users\aarav\anaconda3\Library\bin;C:\Users\aarav\anaconda3\Scripts;C:\Users\aarav\AppData\Local\Microsoft\WindowsApps;C:\Program Files\JetBrains\IntelliJ IDEA Community Edition 2022.3\bin;;C:\Program Files\Azure Data Studio\bin;C:\MinGW\bin;C:\Users\aarav\AppData\Local\Programs\Microsoft VS Code_1\Microsoft VS Code\bin;C:\Program Files\JetBrains\CLion 2022.3.2\bin;;C:\Users\aarav\.dotnet\tools;C:\Program Files\MySQL\MySQL Server 8.1\bin;C:\Users\aarav\AppData\Roaming\npm
USERNAME=aarav
OS=Windows_NT
PROCESSOR_IDENTIFIER=AMD64 Family 23 Model 24 Stepping 1, AuthenticAMD



---------------  S Y S T E M  ---------------

OS:
 Windows 11 , 64 bit Build 22621 (10.0.22621.3958)
OS uptime: 0 days 12:26 hours
Hyper-V role detected

CPU: total 8 (initial active 8) (8 cores per cpu, 2 threads per core) family 23 model 24 stepping 1 microcode 0x0, cx8, cmov, fxsr, ht, mmx, 3dnowpref, sse, sse2, sse3, ssse3, sse4a, sse4.1, sse4.2, popcnt, lzcnt, tsc, tscinvbit, avx, avx2, aes, clmul, bmi1, bmi2, adx, sha, fma, vzeroupper, clflush, clflushopt, hv

Memory: 4k page, system-wide physical 6081M (127M free)
TotalPageFile size 24513M (AvailPageFile size 51M)
current process WorkingSet (physical memory assigned to process): 10M, peak: 10M
current process commit charge ("private bytes"): 60M, peak: 156M

vm_info: Java HotSpot(TM) 64-Bit Server VM (17.0.11+7-LTS-207) for windows-amd64 JRE (17.0.11+7-LTS-207), built on Mar 11 2024 19:01:50 by "mach5one" with MS VC++ 17.6 (VS2022)

END.
